This file contains any messages produced by compilers while
running configure, to aid debugging if configure makes a mistake.

It was created by Google C++ Testing Framework configure 1.6.0, which was
generated by GNU Autoconf 2.69.  Invocation command line was

  $ ./configure --disable-option-checking --prefix=/usr/local --target=riscv64-unknown-linux-gnu --host=riscv64-unknown-linux-gnu host_alias=riscv64-unknown-linux-gnu target_alias=riscv64-unknown-linux-gnu CC=riscv64-unknown-linux-gnu-gcc CFLAGS=-march=RV64IMAFDXhwacha -mhwacha4 LDFLAGS=-L/opt/riscv/toolchain/riscv64-unknown-linux-gnu/lib CPPFLAGS=-march=RV64IMAFDXhwacha -mhwacha4 LT_SYS_LIBRARY_PATH=/opt/riscv/toolchain/riscv64-unknown-linux-gnu/lib --cache-file=/dev/null --srcdir=.

## --------- ##
## Platform. ##
## --------- ##

hostname = main-pc
uname -m = x86_64
uname -r = 3.16.0-45-generic
uname -s = Linux
uname -v = #60~14.04.1-Ubuntu SMP Fri Jul 24 21:16:23 UTC 2015

/usr/bin/uname -p = unknown
/bin/uname -X     = unknown

/bin/arch              = unknown
/usr/bin/arch -k       = unknown
/usr/convex/getsysinfo = unknown
/usr/bin/hostinfo      = unknown
/bin/machine           = unknown
/usr/bin/oslevel       = unknown
/bin/universe          = unknown

PATH: /usr/local/sbin
PATH: /usr/local/bin
PATH: /usr/sbin
PATH: /usr/bin
PATH: /sbin
PATH: /bin
PATH: /usr/games
PATH: /usr/local/games
PATH: /opt/riscv/toolchain/bin


## ----------- ##
## Core tests. ##
## ----------- ##

configure:2328: checking for a BSD-compatible install
configure:2396: result: /usr/bin/install -c
configure:2407: checking whether build environment is sane
configure:2462: result: yes
configure:2521: checking for riscv64-unknown-linux-gnu-strip
configure:2537: found /opt/riscv/toolchain/bin/riscv64-unknown-linux-gnu-strip
configure:2548: result: riscv64-unknown-linux-gnu-strip
configure:2613: checking for a thread-safe mkdir -p
configure:2652: result: /bin/mkdir -p
configure:2659: checking for gawk
configure:2675: found /usr/bin/gawk
configure:2686: result: gawk
configure:2697: checking whether make sets $(MAKE)
configure:2719: result: yes
configure:2748: checking whether make supports nested variables
configure:2765: result: yes
configure:2901: checking for riscv64-unknown-linux-gnu-gcc
configure:2928: result: riscv64-unknown-linux-gnu-gcc
configure:3197: checking for C compiler version
configure:3206: riscv64-unknown-linux-gnu-gcc --version >&5
riscv64-unknown-linux-gnu-gcc (GCC) 5.1.0
Copyright (C) 2015 Free Software Foundation, Inc.
This is free software; see the source for copying conditions.  There is NO
warranty; not even for MERCHANTABILITY or FITNESS FOR A PARTICULAR PURPOSE.

configure:3217: $? = 0
configure:3206: riscv64-unknown-linux-gnu-gcc -v >&5
Using built-in specs.
COLLECT_GCC=riscv64-unknown-linux-gnu-gcc
COLLECT_LTO_WRAPPER=/opt/riscv/toolchain/libexec/gcc/riscv64-unknown-linux-gnu/5.1.0/lto-wrapper
Target: riscv64-unknown-linux-gnu
Configured with: /home/main/Desktop/esp-tools/riscv-gnu-toolchain/src/gcc/configure --target=riscv64-unknown-linux-gnu --prefix=/opt/riscv/toolchain --with-sysroot=/opt/riscv/toolchain/sysroot --enable-shared --enable-tls --enable-languages=c,c++,fortran --disable-libmudflap --disable-libssp --disable-libquadmath --disable-nls --disable-multilib --disable-bootstrap --with-arch=IMAFD
Thread model: posix
gcc version 5.1.0 (GCC) 
configure:3217: $? = 0
configure:3206: riscv64-unknown-linux-gnu-gcc -V >&5
riscv64-unknown-linux-gnu-gcc: error: unrecognized command line option '-V'
riscv64-unknown-linux-gnu-gcc: fatal error: no input files
compilation terminated.
configure:3217: $? = 1
configure:3206: riscv64-unknown-linux-gnu-gcc -qversion >&5
riscv64-unknown-linux-gnu-gcc: error: unrecognized command line option '-qversion'
riscv64-unknown-linux-gnu-gcc: fatal error: no input files
compilation terminated.
configure:3217: $? = 1
configure:3237: checking whether the C compiler works
configure:3259: riscv64-unknown-linux-gnu-gcc -march=RV64IMAFDXhwacha -mhwacha4 -march=RV64IMAFDXhwacha -mhwacha4 -L/opt/riscv/toolchain/riscv64-unknown-linux-gnu/lib conftest.c  >&5
configure:3263: $? = 0
configure:3311: result: yes
configure:3314: checking for C compiler default output file name
configure:3316: result: a.out
configure:3322: checking for suffix of executables
configure:3329: riscv64-unknown-linux-gnu-gcc -o conftest -march=RV64IMAFDXhwacha -mhwacha4 -march=RV64IMAFDXhwacha -mhwacha4 -L/opt/riscv/toolchain/riscv64-unknown-linux-gnu/lib conftest.c  >&5
configure:3333: $? = 0
configure:3355: result: 
configure:3377: checking whether we are cross compiling
configure:3385: riscv64-unknown-linux-gnu-gcc -o conftest -march=RV64IMAFDXhwacha -mhwacha4 -march=RV64IMAFDXhwacha -mhwacha4 -L/opt/riscv/toolchain/riscv64-unknown-linux-gnu/lib conftest.c  >&5
configure:3389: $? = 0
configure:3396: ./conftest
./configure: line 3398: ./conftest: cannot execute binary file: Exec format error
configure:3400: $? = 126
configure:3415: result: yes
configure:3420: checking for suffix of object files
configure:3442: riscv64-unknown-linux-gnu-gcc -c -march=RV64IMAFDXhwacha -mhwacha4 -march=RV64IMAFDXhwacha -mhwacha4 conftest.c >&5
configure:3446: $? = 0
configure:3467: result: o
configure:3471: checking whether we are using the GNU C compiler
configure:3490: riscv64-unknown-linux-gnu-gcc -c -march=RV64IMAFDXhwacha -mhwacha4 -march=RV64IMAFDXhwacha -mhwacha4 conftest.c >&5
configure:3490: $? = 0
configure:3499: result: yes
configure:3508: checking whether riscv64-unknown-linux-gnu-gcc accepts -g
configure:3528: riscv64-unknown-linux-gnu-gcc -c -g -march=RV64IMAFDXhwacha -mhwacha4 conftest.c >&5
configure:3528: $? = 0
configure:3569: result: yes
configure:3586: checking for riscv64-unknown-linux-gnu-gcc option to accept ISO C89
configure:3649: riscv64-unknown-linux-gnu-gcc  -c -march=RV64IMAFDXhwacha -mhwacha4 -march=RV64IMAFDXhwacha -mhwacha4 conftest.c >&5
configure:3649: $? = 0
configure:3662: result: none needed
configure:3687: checking whether riscv64-unknown-linux-gnu-gcc understands -c and -o together
configure:3709: riscv64-unknown-linux-gnu-gcc -c conftest.c -o conftest2.o
configure:3712: $? = 0
configure:3709: riscv64-unknown-linux-gnu-gcc -c conftest.c -o conftest2.o
configure:3712: $? = 0
configure:3724: result: yes
configure:3752: checking for style of include used by make
configure:3780: result: GNU
configure:3806: checking dependency style of riscv64-unknown-linux-gnu-gcc
configure:3917: result: gcc3
configure:3946: checking for riscv64-unknown-linux-gnu-g++
configure:3962: found /opt/riscv/toolchain/bin/riscv64-unknown-linux-gnu-g++
configure:3973: result: riscv64-unknown-linux-gnu-g++
configure:4044: checking for C++ compiler version
configure:4053: riscv64-unknown-linux-gnu-g++ --version >&5
riscv64-unknown-linux-gnu-g++ (GCC) 5.1.0
Copyright (C) 2015 Free Software Foundation, Inc.
This is free software; see the source for copying conditions.  There is NO
warranty; not even for MERCHANTABILITY or FITNESS FOR A PARTICULAR PURPOSE.

configure:4064: $? = 0
configure:4053: riscv64-unknown-linux-gnu-g++ -v >&5
Using built-in specs.
COLLECT_GCC=riscv64-unknown-linux-gnu-g++
COLLECT_LTO_WRAPPER=/opt/riscv/toolchain/libexec/gcc/riscv64-unknown-linux-gnu/5.1.0/lto-wrapper
Target: riscv64-unknown-linux-gnu
Configured with: /home/main/Desktop/esp-tools/riscv-gnu-toolchain/src/gcc/configure --target=riscv64-unknown-linux-gnu --prefix=/opt/riscv/toolchain --with-sysroot=/opt/riscv/toolchain/sysroot --enable-shared --enable-tls --enable-languages=c,c++,fortran --disable-libmudflap --disable-libssp --disable-libquadmath --disable-nls --disable-multilib --disable-bootstrap --with-arch=IMAFD
Thread model: posix
gcc version 5.1.0 (GCC) 
configure:4064: $? = 0
configure:4053: riscv64-unknown-linux-gnu-g++ -V >&5
riscv64-unknown-linux-gnu-g++: error: unrecognized command line option '-V'
riscv64-unknown-linux-gnu-g++: fatal error: no input files
compilation terminated.
configure:4064: $? = 1
configure:4053: riscv64-unknown-linux-gnu-g++ -qversion >&5
riscv64-unknown-linux-gnu-g++: error: unrecognized command line option '-qversion'
riscv64-unknown-linux-gnu-g++: fatal error: no input files
compilation terminated.
configure:4064: $? = 1
configure:4068: checking whether we are using the GNU C++ compiler
configure:4087: riscv64-unknown-linux-gnu-g++ -c  -g -DNDEBUG -march=RV64IMAFDXhwacha -mhwacha4 conftest.cpp >&5
configure:4087: $? = 0
configure:4096: result: yes
configure:4105: checking whether riscv64-unknown-linux-gnu-g++ accepts -g
configure:4125: riscv64-unknown-linux-gnu-g++ -c -g -march=RV64IMAFDXhwacha -mhwacha4 conftest.cpp >&5
configure:4125: $? = 0
configure:4166: result: yes
configure:4191: checking dependency style of riscv64-unknown-linux-gnu-g++
configure:4302: result: gcc3
configure:4352: checking build system type
configure:4366: result: x86_64-unknown-linux-gnu
configure:4386: checking host system type
configure:4399: result: riscv64-unknown-linux-gnu
configure:4440: checking how to print strings
configure:4467: result: printf
configure:4488: checking for a sed that does not truncate output
configure:4552: result: /bin/sed
configure:4570: checking for grep that handles long lines and -e
configure:4628: result: /bin/grep
configure:4633: checking for egrep
configure:4695: result: /bin/grep -E
configure:4700: checking for fgrep
configure:4762: result: /bin/grep -F
configure:4797: checking for ld used by riscv64-unknown-linux-gnu-gcc
configure:4864: result: /opt/riscv/toolchain/riscv64-unknown-linux-gnu/bin/ld
configure:4871: checking if the linker (/opt/riscv/toolchain/riscv64-unknown-linux-gnu/bin/ld) is GNU ld
configure:4886: result: yes
configure:4898: checking for BSD- or MS-compatible name lister (nm)
configure:4952: result: /opt/riscv/toolchain/bin/riscv64-unknown-linux-gnu-nm -B
configure:5082: checking the name lister (/opt/riscv/toolchain/bin/riscv64-unknown-linux-gnu-nm -B) interface
configure:5089: riscv64-unknown-linux-gnu-g++ -c  -g -DNDEBUG -march=RV64IMAFDXhwacha -mhwacha4 conftest.cpp >&5
configure:5092: /opt/riscv/toolchain/bin/riscv64-unknown-linux-gnu-nm -B "conftest.o"
configure:5095: output
000000000000001b N .LASF0
000000000000000e N .LASF1
000000000000004e N .LASF2
0000000000000000 N .LASF3
0000000000000000 N .Ldebug_abbrev0
0000000000000000 N .Ldebug_info0
0000000000000000 N .Ldebug_line0
0000000000000000 t .Letext0
0000000000000000 S some_variable
configure:5102: result: BSD nm
configure:5105: checking whether ln -s works
configure:5109: result: yes
configure:5117: checking the maximum length of command line arguments
configure:5248: result: 1572864
configure:5296: checking how to convert x86_64-unknown-linux-gnu file names to riscv64-unknown-linux-gnu format
configure:5336: result: func_convert_file_noop
configure:5343: checking how to convert x86_64-unknown-linux-gnu file names to toolchain format
configure:5363: result: func_convert_file_noop
configure:5370: checking for /opt/riscv/toolchain/riscv64-unknown-linux-gnu/bin/ld option to reload object files
configure:5377: result: -r
configure:5411: checking for riscv64-unknown-linux-gnu-objdump
configure:5427: found /opt/riscv/toolchain/bin/riscv64-unknown-linux-gnu-objdump
configure:5438: result: riscv64-unknown-linux-gnu-objdump
configure:5510: checking how to recognize dependent libraries
configure:5710: result: pass_all
configure:5755: checking for riscv64-unknown-linux-gnu-dlltool
configure:5785: result: no
configure:5795: checking for dlltool
configure:5825: result: no
configure:5855: checking how to associate runtime and link libraries
configure:5882: result: printf %s\n
configure:5899: checking for riscv64-unknown-linux-gnu-ar
configure:5915: found /opt/riscv/toolchain/bin/riscv64-unknown-linux-gnu-ar
configure:5926: result: riscv64-unknown-linux-gnu-ar
configure:6007: checking for archiver @FILE support
configure:6024: riscv64-unknown-linux-gnu-g++ -c  -g -DNDEBUG -march=RV64IMAFDXhwacha -mhwacha4 conftest.cpp >&5
configure:6024: $? = 0
configure:6027: riscv64-unknown-linux-gnu-ar cru libconftest.a @conftest.lst >&5
configure:6030: $? = 0
configure:6035: riscv64-unknown-linux-gnu-ar cru libconftest.a @conftest.lst >&5
riscv64-unknown-linux-gnu-ar: conftest.o: No such file or directory
configure:6038: $? = 1
configure:6050: result: @
configure:6068: checking for riscv64-unknown-linux-gnu-strip
configure:6095: result: riscv64-unknown-linux-gnu-strip
configure:6167: checking for riscv64-unknown-linux-gnu-ranlib
configure:6183: found /opt/riscv/toolchain/bin/riscv64-unknown-linux-gnu-ranlib
configure:6194: result: riscv64-unknown-linux-gnu-ranlib
configure:6336: checking command to parse /opt/riscv/toolchain/bin/riscv64-unknown-linux-gnu-nm -B output from riscv64-unknown-linux-gnu-gcc object
configure:6489: riscv64-unknown-linux-gnu-g++ -c  -g -DNDEBUG -march=RV64IMAFDXhwacha -mhwacha4 conftest.cpp >&5
configure:6492: $? = 0
configure:6496: /opt/riscv/toolchain/bin/riscv64-unknown-linux-gnu-nm -B conftest.o \| sed -n -e 's/^.*[ ]\([ABCDGIRSTW][ABCDGIRSTW]*\)[ ][ ]*\([_A-Za-z][_A-Za-z0-9]*\)$/\1 \2 \2/p' | sed '/ __gnu_lto/d' \> conftest.nm
configure:6499: $? = 0
configure:6565: riscv64-unknown-linux-gnu-g++ -o conftest  -g -DNDEBUG -march=RV64IMAFDXhwacha -mhwacha4 -L/opt/riscv/toolchain/riscv64-unknown-linux-gnu/lib conftest.cpp conftstm.o >&5
configure:6568: $? = 0
configure:6606: result: ok
configure:6653: checking for sysroot
configure:6683: result: no
configure:6690: checking for a working dd
configure:6728: result: /bin/dd
configure:6732: checking how to truncate binary pipes
configure:6747: result: /bin/dd bs=4096 count=1
configure:7037: checking for riscv64-unknown-linux-gnu-mt
configure:7067: result: no
configure:7077: checking for mt
configure:7093: found /bin/mt
configure:7104: result: mt
configure:7116: WARNING: using cross tools not prefixed with host triplet
configure:7127: checking if mt is a manifest tool
configure:7133: mt '-?'
configure:7141: result: no
configure:7818: checking how to run the C preprocessor
configure:7849: riscv64-unknown-linux-gnu-gcc -E -march=RV64IMAFDXhwacha -mhwacha4 conftest.c
configure:7849: $? = 0
configure:7863: riscv64-unknown-linux-gnu-gcc -E -march=RV64IMAFDXhwacha -mhwacha4 conftest.c
conftest.c:11:28: fatal error: ac_nonexistent.h: No such file or directory
compilation terminated.
configure:7863: $? = 1
configure: failed program was:
| /* confdefs.h */
| #define PACKAGE_NAME "Google C++ Testing Framework"
| #define PACKAGE_TARNAME "gtest"
| #define PACKAGE_VERSION "1.6.0"
| #define PACKAGE_STRING "Google C++ Testing Framework 1.6.0"
| #define PACKAGE_BUGREPORT "googletestframework@googlegroups.com"
| #define PACKAGE_URL ""
| #define PACKAGE "gtest"
| #define VERSION "1.6.0"
| /* end confdefs.h.  */
| #include <ac_nonexistent.h>
configure:7888: result: riscv64-unknown-linux-gnu-gcc -E
configure:7908: riscv64-unknown-linux-gnu-gcc -E -march=RV64IMAFDXhwacha -mhwacha4 conftest.c
configure:7908: $? = 0
configure:7922: riscv64-unknown-linux-gnu-gcc -E -march=RV64IMAFDXhwacha -mhwacha4 conftest.c
conftest.c:11:28: fatal error: ac_nonexistent.h: No such file or directory
compilation terminated.
configure:7922: $? = 1
configure: failed program was:
| /* confdefs.h */
| #define PACKAGE_NAME "Google C++ Testing Framework"
| #define PACKAGE_TARNAME "gtest"
| #define PACKAGE_VERSION "1.6.0"
| #define PACKAGE_STRING "Google C++ Testing Framework 1.6.0"
| #define PACKAGE_BUGREPORT "googletestframework@googlegroups.com"
| #define PACKAGE_URL ""
| #define PACKAGE "gtest"
| #define VERSION "1.6.0"
| /* end confdefs.h.  */
| #include <ac_nonexistent.h>
configure:7951: checking for ANSI C header files
configure:7971: riscv64-unknown-linux-gnu-gcc -c -march=RV64IMAFDXhwacha -mhwacha4 -march=RV64IMAFDXhwacha -mhwacha4 conftest.c >&5
configure:7971: $? = 0
configure:8055: result: yes
configure:8068: checking for sys/types.h
configure:8068: riscv64-unknown-linux-gnu-gcc -c -march=RV64IMAFDXhwacha -mhwacha4 -march=RV64IMAFDXhwacha -mhwacha4 conftest.c >&5
configure:8068: $? = 0
configure:8068: result: yes
configure:8068: checking for sys/stat.h
configure:8068: riscv64-unknown-linux-gnu-gcc -c -march=RV64IMAFDXhwacha -mhwacha4 -march=RV64IMAFDXhwacha -mhwacha4 conftest.c >&5
configure:8068: $? = 0
configure:8068: result: yes
configure:8068: checking for stdlib.h
configure:8068: riscv64-unknown-linux-gnu-gcc -c -march=RV64IMAFDXhwacha -mhwacha4 -march=RV64IMAFDXhwacha -mhwacha4 conftest.c >&5
configure:8068: $? = 0
configure:8068: result: yes
configure:8068: checking for string.h
configure:8068: riscv64-unknown-linux-gnu-gcc -c -march=RV64IMAFDXhwacha -mhwacha4 -march=RV64IMAFDXhwacha -mhwacha4 conftest.c >&5
configure:8068: $? = 0
configure:8068: result: yes
configure:8068: checking for memory.h
configure:8068: riscv64-unknown-linux-gnu-gcc -c -march=RV64IMAFDXhwacha -mhwacha4 -march=RV64IMAFDXhwacha -mhwacha4 conftest.c >&5
configure:8068: $? = 0
configure:8068: result: yes
configure:8068: checking for strings.h
configure:8068: riscv64-unknown-linux-gnu-gcc -c -march=RV64IMAFDXhwacha -mhwacha4 -march=RV64IMAFDXhwacha -mhwacha4 conftest.c >&5
configure:8068: $? = 0
configure:8068: result: yes
configure:8068: checking for inttypes.h
configure:8068: riscv64-unknown-linux-gnu-gcc -c -march=RV64IMAFDXhwacha -mhwacha4 -march=RV64IMAFDXhwacha -mhwacha4 conftest.c >&5
configure:8068: $? = 0
configure:8068: result: yes
configure:8068: checking for stdint.h
configure:8068: riscv64-unknown-linux-gnu-gcc -c -march=RV64IMAFDXhwacha -mhwacha4 -march=RV64IMAFDXhwacha -mhwacha4 conftest.c >&5
configure:8068: $? = 0
configure:8068: result: yes
configure:8068: checking for unistd.h
configure:8068: riscv64-unknown-linux-gnu-gcc -c -march=RV64IMAFDXhwacha -mhwacha4 -march=RV64IMAFDXhwacha -mhwacha4 conftest.c >&5
configure:8068: $? = 0
configure:8068: result: yes
configure:8082: checking for dlfcn.h
configure:8082: riscv64-unknown-linux-gnu-gcc -c -march=RV64IMAFDXhwacha -mhwacha4 -march=RV64IMAFDXhwacha -mhwacha4 conftest.c >&5
configure:8082: $? = 0
configure:8082: result: yes
configure:8348: checking for objdir
configure:8363: result: .libs
configure:8627: checking if riscv64-unknown-linux-gnu-gcc supports -fno-rtti -fno-exceptions
configure:8645: riscv64-unknown-linux-gnu-gcc -c -march=RV64IMAFDXhwacha -mhwacha4 -march=RV64IMAFDXhwacha -mhwacha4 -fno-rtti -fno-exceptions conftest.c >&5
cc1: warning: command line option '-fno-rtti' is valid for C++/ObjC++ but not for C
configure:8649: $? = 0
configure:8662: result: no
configure:9020: checking for riscv64-unknown-linux-gnu-gcc option to produce PIC
configure:9027: result: -fPIC -DPIC
configure:9035: checking if riscv64-unknown-linux-gnu-gcc PIC flag -fPIC -DPIC works
configure:9053: riscv64-unknown-linux-gnu-gcc -c -march=RV64IMAFDXhwacha -mhwacha4 -march=RV64IMAFDXhwacha -mhwacha4 -fPIC -DPIC -DPIC conftest.c >&5
configure:9057: $? = 0
configure:9070: result: yes
configure:9099: checking if riscv64-unknown-linux-gnu-gcc static flag -static works
configure:9127: result: yes
configure:9142: checking if riscv64-unknown-linux-gnu-gcc supports -c -o file.o
configure:9163: riscv64-unknown-linux-gnu-gcc -c -march=RV64IMAFDXhwacha -mhwacha4 -march=RV64IMAFDXhwacha -mhwacha4 -o out/conftest2.o conftest.c >&5
configure:9167: $? = 0
configure:9189: result: yes
configure:9197: checking if riscv64-unknown-linux-gnu-gcc supports -c -o file.o
configure:9244: result: yes
configure:9277: checking whether the riscv64-unknown-linux-gnu-gcc linker (/opt/riscv/toolchain/riscv64-unknown-linux-gnu/bin/ld) supports shared libraries
configure:10536: result: yes
configure:10573: checking whether -lc should be explicitly linked in
configure:10581: riscv64-unknown-linux-gnu-gcc -c -march=RV64IMAFDXhwacha -mhwacha4 -march=RV64IMAFDXhwacha -mhwacha4 conftest.c >&5
configure:10584: $? = 0
configure:10599: riscv64-unknown-linux-gnu-gcc -shared  -fPIC -DPIC conftest.o  -v -Wl,-soname -Wl,conftest -o conftest 2\>\&1 \| /bin/grep  -lc  \>/dev/null 2\>\&1
configure:10602: $? = 0
configure:10616: result: no
configure:10776: checking dynamic linker characteristics
configure:11370: riscv64-unknown-linux-gnu-gcc -o conftest -march=RV64IMAFDXhwacha -mhwacha4 -march=RV64IMAFDXhwacha -mhwacha4 -L/opt/riscv/toolchain/riscv64-unknown-linux-gnu/lib -Wl,-rpath -Wl,/foo conftest.c  >&5
configure:11370: $? = 0
configure:11607: result: GNU/Linux ld.so
configure:11729: checking how to hardcode library paths into programs
configure:11754: result: immediate
configure:12302: checking whether stripping libraries is possible
configure:12307: result: yes
configure:12342: checking if libtool supports shared libraries
configure:12344: result: yes
configure:12347: checking whether to build shared libraries
configure:12372: result: yes
configure:12375: checking whether to build static libraries
configure:12379: result: yes
configure:12402: checking how to run the C++ preprocessor
configure:12429: riscv64-unknown-linux-gnu-g++ -E -march=RV64IMAFDXhwacha -mhwacha4 conftest.cpp
configure:12429: $? = 0
configure:12443: riscv64-unknown-linux-gnu-g++ -E -march=RV64IMAFDXhwacha -mhwacha4 conftest.cpp
conftest.cpp:23:28: fatal error: ac_nonexistent.h: No such file or directory
compilation terminated.
configure:12443: $? = 1
configure: failed program was:
| /* confdefs.h */
| #define PACKAGE_NAME "Google C++ Testing Framework"
| #define PACKAGE_TARNAME "gtest"
| #define PACKAGE_VERSION "1.6.0"
| #define PACKAGE_STRING "Google C++ Testing Framework 1.6.0"
| #define PACKAGE_BUGREPORT "googletestframework@googlegroups.com"
| #define PACKAGE_URL ""
| #define PACKAGE "gtest"
| #define VERSION "1.6.0"
| #define STDC_HEADERS 1
| #define HAVE_SYS_TYPES_H 1
| #define HAVE_SYS_STAT_H 1
| #define HAVE_STDLIB_H 1
| #define HAVE_STRING_H 1
| #define HAVE_MEMORY_H 1
| #define HAVE_STRINGS_H 1
| #define HAVE_INTTYPES_H 1
| #define HAVE_STDINT_H 1
| #define HAVE_UNISTD_H 1
| #define HAVE_DLFCN_H 1
| #define LT_OBJDIR ".libs/"
| /* end confdefs.h.  */
| #include <ac_nonexistent.h>
configure:12468: result: riscv64-unknown-linux-gnu-g++ -E
configure:12488: riscv64-unknown-linux-gnu-g++ -E -march=RV64IMAFDXhwacha -mhwacha4 conftest.cpp
configure:12488: $? = 0
configure:12502: riscv64-unknown-linux-gnu-g++ -E -march=RV64IMAFDXhwacha -mhwacha4 conftest.cpp
conftest.cpp:23:28: fatal error: ac_nonexistent.h: No such file or directory
compilation terminated.
configure:12502: $? = 1
configure: failed program was:
| /* confdefs.h */
| #define PACKAGE_NAME "Google C++ Testing Framework"
| #define PACKAGE_TARNAME "gtest"
| #define PACKAGE_VERSION "1.6.0"
| #define PACKAGE_STRING "Google C++ Testing Framework 1.6.0"
| #define PACKAGE_BUGREPORT "googletestframework@googlegroups.com"
| #define PACKAGE_URL ""
| #define PACKAGE "gtest"
| #define VERSION "1.6.0"
| #define STDC_HEADERS 1
| #define HAVE_SYS_TYPES_H 1
| #define HAVE_SYS_STAT_H 1
| #define HAVE_STDLIB_H 1
| #define HAVE_STRING_H 1
| #define HAVE_MEMORY_H 1
| #define HAVE_STRINGS_H 1
| #define HAVE_INTTYPES_H 1
| #define HAVE_STDINT_H 1
| #define HAVE_UNISTD_H 1
| #define HAVE_DLFCN_H 1
| #define LT_OBJDIR ".libs/"
| /* end confdefs.h.  */
| #include <ac_nonexistent.h>
configure:12664: checking for ld used by riscv64-unknown-linux-gnu-g++
configure:12731: result: /opt/riscv/toolchain/riscv64-unknown-linux-gnu/bin/ld
configure:12738: checking if the linker (/opt/riscv/toolchain/riscv64-unknown-linux-gnu/bin/ld) is GNU ld
configure:12753: result: yes
configure:12808: checking whether the riscv64-unknown-linux-gnu-g++ linker (/opt/riscv/toolchain/riscv64-unknown-linux-gnu/bin/ld) supports shared libraries
configure:13881: result: yes
configure:13917: riscv64-unknown-linux-gnu-g++ -c  -g -DNDEBUG -march=RV64IMAFDXhwacha -mhwacha4 conftest.cpp >&5
configure:13920: $? = 0
configure:14401: checking for riscv64-unknown-linux-gnu-g++ option to produce PIC
configure:14408: result: -fPIC -DPIC
configure:14416: checking if riscv64-unknown-linux-gnu-g++ PIC flag -fPIC -DPIC works
configure:14434: riscv64-unknown-linux-gnu-g++ -c  -g -DNDEBUG -march=RV64IMAFDXhwacha -mhwacha4 -fPIC -DPIC -DPIC conftest.cpp >&5
configure:14438: $? = 0
configure:14451: result: yes
configure:14474: checking if riscv64-unknown-linux-gnu-g++ static flag -static works
configure:14502: result: yes
configure:14514: checking if riscv64-unknown-linux-gnu-g++ supports -c -o file.o
configure:14535: riscv64-unknown-linux-gnu-g++ -c  -g -DNDEBUG -march=RV64IMAFDXhwacha -mhwacha4 -o out/conftest2.o conftest.cpp >&5
configure:14539: $? = 0
configure:14561: result: yes
configure:14566: checking if riscv64-unknown-linux-gnu-g++ supports -c -o file.o
configure:14613: result: yes
configure:14643: checking whether the riscv64-unknown-linux-gnu-g++ linker (/opt/riscv/toolchain/riscv64-unknown-linux-gnu/bin/ld) supports shared libraries
configure:14683: result: yes
configure:14824: checking dynamic linker characteristics
configure:15582: result: GNU/Linux ld.so
configure:15647: checking how to hardcode library paths into programs
configure:15672: result: immediate
configure:15742: checking for python
configure:15760: found /usr/bin/python
configure:15773: result: /usr/bin/python
configure:15791: /usr/bin/python -c import sys # split strings by '.' and convert to numeric. Append some zeros # because we need at least 4 digits for the hex conversion. # map returns an iterator in Python 3.0 and a list in 2.x minver = list(map(int, '2.3'.split('.'))) + [0, 0, 0] minverhex = 0 # xrange is not present in Python 3.0 and range returns an iterator for i in list(range(0, 4)): minverhex = (minverhex << 8) + minver[i] sys.exit(sys.hexversion < minverhex)
configure:15794: $? = 0
configure:15987: checking for the pthreads library -lpthreads
configure:16020: riscv64-unknown-linux-gnu-gcc -o conftest -march=RV64IMAFDXhwacha -mhwacha4  -march=RV64IMAFDXhwacha -mhwacha4 -L/opt/riscv/toolchain/riscv64-unknown-linux-gnu/lib conftest.c -lpthreads  >&5
/opt/riscv/toolchain/lib/gcc/riscv64-unknown-linux-gnu/5.1.0/../../../../riscv64-unknown-linux-gnu/bin/ld: cannot find -lpthreads
collect2: error: ld returned 1 exit status
configure:16020: $? = 1
configure: failed program was:
| /* confdefs.h */
| #define PACKAGE_NAME "Google C++ Testing Framework"
| #define PACKAGE_TARNAME "gtest"
| #define PACKAGE_VERSION "1.6.0"
| #define PACKAGE_STRING "Google C++ Testing Framework 1.6.0"
| #define PACKAGE_BUGREPORT "googletestframework@googlegroups.com"
| #define PACKAGE_URL ""
| #define PACKAGE "gtest"
| #define VERSION "1.6.0"
| #define STDC_HEADERS 1
| #define HAVE_SYS_TYPES_H 1
| #define HAVE_SYS_STAT_H 1
| #define HAVE_STDLIB_H 1
| #define HAVE_STRING_H 1
| #define HAVE_MEMORY_H 1
| #define HAVE_STRINGS_H 1
| #define HAVE_INTTYPES_H 1
| #define HAVE_STDINT_H 1
| #define HAVE_UNISTD_H 1
| #define HAVE_DLFCN_H 1
| #define LT_OBJDIR ".libs/"
| /* end confdefs.h.  */
| #include <pthread.h>
| int
| main ()
| {
| pthread_t th; pthread_join(th, 0);
|                      pthread_attr_init(0); pthread_cleanup_push(0, 0);
|                      pthread_create(0,0,0,0); pthread_cleanup_pop(0);
|   ;
|   return 0;
| }
configure:16029: result: no
configure:15932: checking whether pthreads work without any flags
configure:16020: riscv64-unknown-linux-gnu-gcc -o conftest -march=RV64IMAFDXhwacha -mhwacha4  -march=RV64IMAFDXhwacha -mhwacha4 -L/opt/riscv/toolchain/riscv64-unknown-linux-gnu/lib conftest.c   >&5
/tmp/ccwpJlGz.o: In function `main':
conftest.c:(.text+0x18): undefined reference to `pthread_join'
conftest.c:(.text+0x6c): undefined reference to `__pthread_register_cancel'
conftest.c:(.text+0x84): undefined reference to `pthread_create'
conftest.c:(.text+0x94): undefined reference to `__pthread_unregister_cancel'
collect2: error: ld returned 1 exit status
configure:16020: $? = 1
configure: failed program was:
| /* confdefs.h */
| #define PACKAGE_NAME "Google C++ Testing Framework"
| #define PACKAGE_TARNAME "gtest"
| #define PACKAGE_VERSION "1.6.0"
| #define PACKAGE_STRING "Google C++ Testing Framework 1.6.0"
| #define PACKAGE_BUGREPORT "googletestframework@googlegroups.com"
| #define PACKAGE_URL ""
| #define PACKAGE "gtest"
| #define VERSION "1.6.0"
| #define STDC_HEADERS 1
| #define HAVE_SYS_TYPES_H 1
| #define HAVE_SYS_STAT_H 1
| #define HAVE_STDLIB_H 1
| #define HAVE_STRING_H 1
| #define HAVE_MEMORY_H 1
| #define HAVE_STRINGS_H 1
| #define HAVE_INTTYPES_H 1
| #define HAVE_STDINT_H 1
| #define HAVE_UNISTD_H 1
| #define HAVE_DLFCN_H 1
| #define LT_OBJDIR ".libs/"
| /* end confdefs.h.  */
| #include <pthread.h>
| int
| main ()
| {
| pthread_t th; pthread_join(th, 0);
|                      pthread_attr_init(0); pthread_cleanup_push(0, 0);
|                      pthread_create(0,0,0,0); pthread_cleanup_pop(0);
|   ;
|   return 0;
| }
configure:16029: result: no
configure:15937: checking whether pthreads work with -Kthread
configure:16020: riscv64-unknown-linux-gnu-gcc -o conftest -march=RV64IMAFDXhwacha -mhwacha4 -Kthread -march=RV64IMAFDXhwacha -mhwacha4 -L/opt/riscv/toolchain/riscv64-unknown-linux-gnu/lib conftest.c   >&5
riscv64-unknown-linux-gnu-gcc: error: unrecognized command line option '-Kthread'
configure:16020: $? = 1
configure: failed program was:
| /* confdefs.h */
| #define PACKAGE_NAME "Google C++ Testing Framework"
| #define PACKAGE_TARNAME "gtest"
| #define PACKAGE_VERSION "1.6.0"
| #define PACKAGE_STRING "Google C++ Testing Framework 1.6.0"
| #define PACKAGE_BUGREPORT "googletestframework@googlegroups.com"
| #define PACKAGE_URL ""
| #define PACKAGE "gtest"
| #define VERSION "1.6.0"
| #define STDC_HEADERS 1
| #define HAVE_SYS_TYPES_H 1
| #define HAVE_SYS_STAT_H 1
| #define HAVE_STDLIB_H 1
| #define HAVE_STRING_H 1
| #define HAVE_MEMORY_H 1
| #define HAVE_STRINGS_H 1
| #define HAVE_INTTYPES_H 1
| #define HAVE_STDINT_H 1
| #define HAVE_UNISTD_H 1
| #define HAVE_DLFCN_H 1
| #define LT_OBJDIR ".libs/"
| /* end confdefs.h.  */
| #include <pthread.h>
| int
| main ()
| {
| pthread_t th; pthread_join(th, 0);
|                      pthread_attr_init(0); pthread_cleanup_push(0, 0);
|                      pthread_create(0,0,0,0); pthread_cleanup_pop(0);
|   ;
|   return 0;
| }
configure:16029: result: no
configure:15937: checking whether pthreads work with -kthread
configure:16020: riscv64-unknown-linux-gnu-gcc -o conftest -march=RV64IMAFDXhwacha -mhwacha4 -kthread -march=RV64IMAFDXhwacha -mhwacha4 -L/opt/riscv/toolchain/riscv64-unknown-linux-gnu/lib conftest.c   >&5
riscv64-unknown-linux-gnu-gcc: error: unrecognized command line option '-kthread'
configure:16020: $? = 1
configure: failed program was:
| /* confdefs.h */
| #define PACKAGE_NAME "Google C++ Testing Framework"
| #define PACKAGE_TARNAME "gtest"
| #define PACKAGE_VERSION "1.6.0"
| #define PACKAGE_STRING "Google C++ Testing Framework 1.6.0"
| #define PACKAGE_BUGREPORT "googletestframework@googlegroups.com"
| #define PACKAGE_URL ""
| #define PACKAGE "gtest"
| #define VERSION "1.6.0"
| #define STDC_HEADERS 1
| #define HAVE_SYS_TYPES_H 1
| #define HAVE_SYS_STAT_H 1
| #define HAVE_STDLIB_H 1
| #define HAVE_STRING_H 1
| #define HAVE_MEMORY_H 1
| #define HAVE_STRINGS_H 1
| #define HAVE_INTTYPES_H 1
| #define HAVE_STDINT_H 1
| #define HAVE_UNISTD_H 1
| #define HAVE_DLFCN_H 1
| #define LT_OBJDIR ".libs/"
| /* end confdefs.h.  */
| #include <pthread.h>
| int
| main ()
| {
| pthread_t th; pthread_join(th, 0);
|                      pthread_attr_init(0); pthread_cleanup_push(0, 0);
|                      pthread_create(0,0,0,0); pthread_cleanup_pop(0);
|   ;
|   return 0;
| }
configure:16029: result: no
configure:15987: checking for the pthreads library -llthread
configure:16020: riscv64-unknown-linux-gnu-gcc -o conftest -march=RV64IMAFDXhwacha -mhwacha4  -march=RV64IMAFDXhwacha -mhwacha4 -L/opt/riscv/toolchain/riscv64-unknown-linux-gnu/lib conftest.c -llthread  >&5
/opt/riscv/toolchain/lib/gcc/riscv64-unknown-linux-gnu/5.1.0/../../../../riscv64-unknown-linux-gnu/bin/ld: cannot find -llthread
collect2: error: ld returned 1 exit status
configure:16020: $? = 1
configure: failed program was:
| /* confdefs.h */
| #define PACKAGE_NAME "Google C++ Testing Framework"
| #define PACKAGE_TARNAME "gtest"
| #define PACKAGE_VERSION "1.6.0"
| #define PACKAGE_STRING "Google C++ Testing Framework 1.6.0"
| #define PACKAGE_BUGREPORT "googletestframework@googlegroups.com"
| #define PACKAGE_URL ""
| #define PACKAGE "gtest"
| #define VERSION "1.6.0"
| #define STDC_HEADERS 1
| #define HAVE_SYS_TYPES_H 1
| #define HAVE_SYS_STAT_H 1
| #define HAVE_STDLIB_H 1
| #define HAVE_STRING_H 1
| #define HAVE_MEMORY_H 1
| #define HAVE_STRINGS_H 1
| #define HAVE_INTTYPES_H 1
| #define HAVE_STDINT_H 1
| #define HAVE_UNISTD_H 1
| #define HAVE_DLFCN_H 1
| #define LT_OBJDIR ".libs/"
| /* end confdefs.h.  */
| #include <pthread.h>
| int
| main ()
| {
| pthread_t th; pthread_join(th, 0);
|                      pthread_attr_init(0); pthread_cleanup_push(0, 0);
|                      pthread_create(0,0,0,0); pthread_cleanup_pop(0);
|   ;
|   return 0;
| }
configure:16029: result: no
configure:15937: checking whether pthreads work with -pthread
configure:16020: riscv64-unknown-linux-gnu-gcc -o conftest -march=RV64IMAFDXhwacha -mhwacha4 -pthread -march=RV64IMAFDXhwacha -mhwacha4 -L/opt/riscv/toolchain/riscv64-unknown-linux-gnu/lib conftest.c   >&5
configure:16020: $? = 0
configure:16029: result: yes
configure:16048: checking for joinable pthread attribute
configure:16063: riscv64-unknown-linux-gnu-gcc -o conftest -march=RV64IMAFDXhwacha -mhwacha4 -pthread -march=RV64IMAFDXhwacha -mhwacha4 -L/opt/riscv/toolchain/riscv64-unknown-linux-gnu/lib conftest.c   >&5
configure:16063: $? = 0
configure:16069: result: PTHREAD_CREATE_JOINABLE
configure:16079: checking if more special flags are required for pthreads
configure:16086: result: no
configure:16175: checking whether to check for GCC pthread/shared inconsistencies
configure:16188: riscv64-unknown-linux-gnu-gcc -o conftest -shared -fPIC -Wl,-z,defs -march=RV64IMAFDXhwacha -mhwacha4 -pthread -march=RV64IMAFDXhwacha -mhwacha4 -L/opt/riscv/toolchain/riscv64-unknown-linux-gnu/lib conftest.c   >&5
/opt/riscv/toolchain/lib/gcc/riscv64-unknown-linux-gnu/5.1.0/../../../../riscv64-unknown-linux-gnu/bin/ld: /opt/riscv/toolchain/lib/gcc/riscv64-unknown-linux-gnu/5.1.0/crtbeginS.o(.text+0x7c): unresolvable R_RISCV_PCREL_HI20 relocation against symbol `__cxa_finalize@@GLIBC_2.20'
configure:16188: $? = 0
configure:16200: result: yes
configure:16242: checking whether -lpthread fixes that
configure:16258: riscv64-unknown-linux-gnu-gcc -o conftest -shared -fPIC -Wl,-z,defs -march=RV64IMAFDXhwacha -mhwacha4 -pthread -march=RV64IMAFDXhwacha -mhwacha4 -L/opt/riscv/toolchain/riscv64-unknown-linux-gnu/lib conftest.c -lpthread   >&5
/opt/riscv/toolchain/lib/gcc/riscv64-unknown-linux-gnu/5.1.0/../../../../riscv64-unknown-linux-gnu/bin/ld: /opt/riscv/toolchain/lib/gcc/riscv64-unknown-linux-gnu/5.1.0/crtbeginS.o(.text+0x7c): unresolvable R_RISCV_PCREL_HI20 relocation against symbol `__cxa_finalize@@GLIBC_2.20'
/opt/riscv/toolchain/lib/gcc/riscv64-unknown-linux-gnu/5.1.0/../../../../riscv64-unknown-linux-gnu/bin/ld: /tmp/cctPcFzL.o(.text+0x5c): unresolvable R_RISCV_PCREL_HI20 relocation against symbol `__pthread_unwind_next@@GLIBC_2.20'
configure:16258: $? = 0
configure:16265: result: yes
configure:16478: checking that generated files are newer than configure
configure:16484: result: done
configure:16519: creating ./config.status

## ---------------------- ##
## Running config.status. ##
## ---------------------- ##

This file was extended by Google C++ Testing Framework config.status 1.6.0, which was
generated by GNU Autoconf 2.69.  Invocation command line was

  CONFIG_FILES    = 
  CONFIG_HEADERS  = 
  CONFIG_LINKS    = 
  CONFIG_COMMANDS = 
  $ ./config.status 

on main-pc

config.status:1157: creating Makefile
config.status:1157: creating scripts/gtest-config
config.status:1157: creating build-aux/config.h
config.status:1338: build-aux/config.h is unchanged
config.status:1386: executing depfiles commands
config.status:1386: executing libtool commands

## ---------------- ##
## Cache variables. ##
## ---------------- ##

ac_cv_build=x86_64-unknown-linux-gnu
ac_cv_c_compiler_gnu=yes
ac_cv_cxx_compiler_gnu=yes
ac_cv_env_CCC_set=
ac_cv_env_CCC_value=
ac_cv_env_CC_set=set
ac_cv_env_CC_value=riscv64-unknown-linux-gnu-gcc
ac_cv_env_CFLAGS_set=set
ac_cv_env_CFLAGS_value='-march=RV64IMAFDXhwacha -mhwacha4'
ac_cv_env_CPPFLAGS_set=set
ac_cv_env_CPPFLAGS_value='-march=RV64IMAFDXhwacha -mhwacha4'
ac_cv_env_CPP_set=
ac_cv_env_CPP_value=
ac_cv_env_CXXCPP_set=
ac_cv_env_CXXCPP_value=
ac_cv_env_CXXFLAGS_set=set
ac_cv_env_CXXFLAGS_value=' -g -DNDEBUG'
ac_cv_env_CXX_set=
ac_cv_env_CXX_value=
ac_cv_env_LDFLAGS_set=set
ac_cv_env_LDFLAGS_value=-L/opt/riscv/toolchain/riscv64-unknown-linux-gnu/lib
ac_cv_env_LIBS_set=
ac_cv_env_LIBS_value=
ac_cv_env_LT_SYS_LIBRARY_PATH_set=set
ac_cv_env_LT_SYS_LIBRARY_PATH_value=/opt/riscv/toolchain/riscv64-unknown-linux-gnu/lib
ac_cv_env_build_alias_set=
ac_cv_env_build_alias_value=
ac_cv_env_host_alias_set=set
ac_cv_env_host_alias_value=riscv64-unknown-linux-gnu
ac_cv_env_target_alias_set=set
ac_cv_env_target_alias_value=riscv64-unknown-linux-gnu
ac_cv_header_dlfcn_h=yes
ac_cv_header_inttypes_h=yes
ac_cv_header_memory_h=yes
ac_cv_header_stdc=yes
ac_cv_header_stdint_h=yes
ac_cv_header_stdlib_h=yes
ac_cv_header_string_h=yes
ac_cv_header_strings_h=yes
ac_cv_header_sys_stat_h=yes
ac_cv_header_sys_types_h=yes
ac_cv_header_unistd_h=yes
ac_cv_host=riscv64-unknown-linux-gnu
ac_cv_objext=o
ac_cv_path_EGREP='/bin/grep -E'
ac_cv_path_FGREP='/bin/grep -F'
ac_cv_path_GREP=/bin/grep
ac_cv_path_PYTHON=/usr/bin/python
ac_cv_path_SED=/bin/sed
ac_cv_path_install='/usr/bin/install -c'
ac_cv_path_lt_DD=/bin/dd
ac_cv_path_mkdir=/bin/mkdir
ac_cv_prog_AR=riscv64-unknown-linux-gnu-ar
ac_cv_prog_AWK=gawk
ac_cv_prog_CC=riscv64-unknown-linux-gnu-gcc
ac_cv_prog_CPP='riscv64-unknown-linux-gnu-gcc -E'
ac_cv_prog_CXX=riscv64-unknown-linux-gnu-g++
ac_cv_prog_CXXCPP='riscv64-unknown-linux-gnu-g++ -E'
ac_cv_prog_OBJDUMP=riscv64-unknown-linux-gnu-objdump
ac_cv_prog_RANLIB=riscv64-unknown-linux-gnu-ranlib
ac_cv_prog_STRIP=riscv64-unknown-linux-gnu-strip
ac_cv_prog_ac_ct_MANIFEST_TOOL=mt
ac_cv_prog_cc_c89=
ac_cv_prog_cc_g=yes
ac_cv_prog_cxx_g=yes
ac_cv_prog_make_make_set=yes
am_cv_CC_dependencies_compiler_type=gcc3
am_cv_CXX_dependencies_compiler_type=gcc3
am_cv_make_support_nested_variables=yes
am_cv_prog_cc_c_o=yes
lt_cv_ar_at_file=@
lt_cv_archive_cmds_need_lc=no
lt_cv_deplibs_check_method=pass_all
lt_cv_file_magic_cmd='$MAGIC_CMD'
lt_cv_file_magic_test_file=
lt_cv_ld_reload_flag=-r
lt_cv_nm_interface='BSD nm'
lt_cv_objdir=.libs
lt_cv_path_LD=/opt/riscv/toolchain/riscv64-unknown-linux-gnu/bin/ld
lt_cv_path_LDCXX=/opt/riscv/toolchain/riscv64-unknown-linux-gnu/bin/ld
lt_cv_path_NM='/opt/riscv/toolchain/bin/riscv64-unknown-linux-gnu-nm -B'
lt_cv_path_mainfest_tool=no
lt_cv_prog_compiler_c_o=yes
lt_cv_prog_compiler_c_o_CXX=yes
lt_cv_prog_compiler_pic='-fPIC -DPIC'
lt_cv_prog_compiler_pic_CXX='-fPIC -DPIC'
lt_cv_prog_compiler_pic_works=yes
lt_cv_prog_compiler_pic_works_CXX=yes
lt_cv_prog_compiler_rtti_exceptions=no
lt_cv_prog_compiler_static_works=yes
lt_cv_prog_compiler_static_works_CXX=yes
lt_cv_prog_gnu_ld=yes
lt_cv_prog_gnu_ldcxx=yes
lt_cv_sharedlib_from_linklib_cmd='printf %s\n'
lt_cv_shlibpath_overrides_runpath=no
lt_cv_sys_global_symbol_pipe='sed -n -e '\''s/^.*[	 ]\([ABCDGIRSTW][ABCDGIRSTW]*\)[	 ][	 ]*\([_A-Za-z][_A-Za-z0-9]*\)$/\1 \2 \2/p'\'' | sed '\''/ __gnu_lto/d'\'''
lt_cv_sys_global_symbol_to_c_name_address='sed -n -e '\''s/^: \(.*\) .*$/  {"\1", (void *) 0},/p'\'' -e '\''s/^[ABCDGIRSTW][ABCDGIRSTW]* .* \(.*\)$/  {"\1", (void *) \&\1},/p'\'''
lt_cv_sys_global_symbol_to_c_name_address_lib_prefix='sed -n -e '\''s/^: \(.*\) .*$/  {"\1", (void *) 0},/p'\'' -e '\''s/^[ABCDGIRSTW][ABCDGIRSTW]* .* \(lib.*\)$/  {"\1", (void *) \&\1},/p'\'' -e '\''s/^[ABCDGIRSTW][ABCDGIRSTW]* .* \(.*\)$/  {"lib\1", (void *) \&\1},/p'\'''
lt_cv_sys_global_symbol_to_cdecl='sed -n -e '\''s/^T .* \(.*\)$/extern int \1();/p'\'' -e '\''s/^[ABCDGIRSTW][ABCDGIRSTW]* .* \(.*\)$/extern char \1;/p'\'''
lt_cv_sys_global_symbol_to_import=
lt_cv_sys_max_cmd_len=1572864
lt_cv_to_host_file_cmd=func_convert_file_noop
lt_cv_to_tool_file_cmd=func_convert_file_noop
lt_cv_truncate_bin='/bin/dd bs=4096 count=1'

## ----------------- ##
## Output variables. ##
## ----------------- ##

ACLOCAL='${SHELL} /home/main/Desktop/riscv-protobuf/gtest/build-aux/missing aclocal-1.15'
AMDEPBACKSLASH='\'
AMDEP_FALSE='#'
AMDEP_TRUE=''
AMTAR='$${TAR-tar}'
AM_BACKSLASH='\'
AM_DEFAULT_V='$(AM_DEFAULT_VERBOSITY)'
AM_DEFAULT_VERBOSITY='1'
AM_V='$(V)'
AR='riscv64-unknown-linux-gnu-ar'
AUTOCONF='${SHELL} /home/main/Desktop/riscv-protobuf/gtest/build-aux/missing autoconf'
AUTOHEADER='${SHELL} /home/main/Desktop/riscv-protobuf/gtest/build-aux/missing autoheader'
AUTOMAKE='${SHELL} /home/main/Desktop/riscv-protobuf/gtest/build-aux/missing automake-1.15'
AWK='gawk'
CC='riscv64-unknown-linux-gnu-gcc'
CCDEPMODE='depmode=gcc3'
CFLAGS='-march=RV64IMAFDXhwacha -mhwacha4'
CPP='riscv64-unknown-linux-gnu-gcc -E'
CPPFLAGS='-march=RV64IMAFDXhwacha -mhwacha4'
CXX='riscv64-unknown-linux-gnu-g++'
CXXCPP='riscv64-unknown-linux-gnu-g++ -E'
CXXDEPMODE='depmode=gcc3'
CXXFLAGS=' -g -DNDEBUG'
CYGPATH_W='echo'
DEFS='-DHAVE_CONFIG_H'
DEPDIR='.deps'
DLLTOOL='false'
DSYMUTIL=''
DUMPBIN=''
ECHO_C=''
ECHO_N='-n'
ECHO_T=''
EGREP='/bin/grep -E'
EXEEXT=''
FGREP='/bin/grep -F'
GREP='/bin/grep'
HAVE_PTHREADS_FALSE='#'
HAVE_PTHREADS_TRUE=''
HAVE_PYTHON_FALSE='#'
HAVE_PYTHON_TRUE=''
INSTALL_DATA='${INSTALL} -m 644'
INSTALL_PROGRAM='${INSTALL}'
INSTALL_SCRIPT='${INSTALL}'
INSTALL_STRIP_PROGRAM='$(install_sh) -c -s'
LD='/opt/riscv/toolchain/riscv64-unknown-linux-gnu/bin/ld'
LDFLAGS='-L/opt/riscv/toolchain/riscv64-unknown-linux-gnu/lib'
LIBOBJS=''
LIBS=''
LIBTOOL='$(SHELL) $(top_builddir)/libtool'
LIPO=''
LN_S='ln -s'
LTLIBOBJS=''
LT_SYS_LIBRARY_PATH='/opt/riscv/toolchain/riscv64-unknown-linux-gnu/lib'
MAKEINFO='${SHELL} /home/main/Desktop/riscv-protobuf/gtest/build-aux/missing makeinfo'
MANIFEST_TOOL=':'
MKDIR_P='/bin/mkdir -p'
NM='/opt/riscv/toolchain/bin/riscv64-unknown-linux-gnu-nm -B'
NMEDIT=''
OBJDUMP='riscv64-unknown-linux-gnu-objdump'
OBJEXT='o'
OTOOL64=''
OTOOL=''
PACKAGE='gtest'
PACKAGE_BUGREPORT='googletestframework@googlegroups.com'
PACKAGE_NAME='Google C++ Testing Framework'
PACKAGE_STRING='Google C++ Testing Framework 1.6.0'
PACKAGE_TARNAME='gtest'
PACKAGE_URL=''
PACKAGE_VERSION='1.6.0'
PATH_SEPARATOR=':'
PTHREAD_CC='riscv64-unknown-linux-gnu-gcc'
PTHREAD_CFLAGS='-pthread'
PTHREAD_LIBS='-lpthread '
PYTHON='/usr/bin/python'
RANLIB='riscv64-unknown-linux-gnu-ranlib'
SED='/bin/sed'
SET_MAKE=''
SHELL='/bin/bash'
STRIP='riscv64-unknown-linux-gnu-strip'
VERSION='1.6.0'
ac_ct_AR=''
ac_ct_CC=''
ac_ct_CXX=''
ac_ct_DUMPBIN=''
acx_pthread_config=''
am__EXEEXT_FALSE=''
am__EXEEXT_TRUE='#'
am__fastdepCC_FALSE='#'
am__fastdepCC_TRUE=''
am__fastdepCXX_FALSE='#'
am__fastdepCXX_TRUE=''
am__include='include'
am__isrc=''
am__leading_dot='.'
am__nodep='_no'
am__quote=''
am__tar='$${TAR-tar} chof - "$$tardir"'
am__untar='$${TAR-tar} xf -'
bindir='${exec_prefix}/bin'
build='x86_64-unknown-linux-gnu'
build_alias=''
build_cpu='x86_64'
build_os='linux-gnu'
build_vendor='unknown'
datadir='${datarootdir}'
datarootdir='${prefix}/share'
docdir='${datarootdir}/doc/${PACKAGE_TARNAME}'
dvidir='${docdir}'
exec_prefix='${prefix}'
host='riscv64-unknown-linux-gnu'
host_alias='riscv64-unknown-linux-gnu'
host_cpu='riscv64'
host_os='linux-gnu'
host_vendor='unknown'
htmldir='${docdir}'
includedir='${prefix}/include'
infodir='${datarootdir}/info'
install_sh='${SHELL} /home/main/Desktop/riscv-protobuf/gtest/build-aux/install-sh'
libdir='${exec_prefix}/lib'
libexecdir='${exec_prefix}/libexec'
localedir='${datarootdir}/locale'
localstatedir='${prefix}/var'
mandir='${datarootdir}/man'
mkdir_p='$(MKDIR_P)'
oldincludedir='/usr/include'
pdfdir='${docdir}'
prefix='/usr/local'
program_transform_name='s,x,x,'
psdir='${docdir}'
sbindir='${exec_prefix}/sbin'
sharedstatedir='${prefix}/com'
sysconfdir='${prefix}/etc'
target_alias='riscv64-unknown-linux-gnu'

## ----------- ##
## confdefs.h. ##
## ----------- ##

/* confdefs.h */
#define PACKAGE_NAME "Google C++ Testing Framework"
#define PACKAGE_TARNAME "gtest"
#define PACKAGE_VERSION "1.6.0"
#define PACKAGE_STRING "Google C++ Testing Framework 1.6.0"
#define PACKAGE_BUGREPORT "googletestframework@googlegroups.com"
#define PACKAGE_URL ""
#define PACKAGE "gtest"
#define VERSION "1.6.0"
#define STDC_HEADERS 1
#define HAVE_SYS_TYPES_H 1
#define HAVE_SYS_STAT_H 1
#define HAVE_STDLIB_H 1
#define HAVE_STRING_H 1
#define HAVE_MEMORY_H 1
#define HAVE_STRINGS_H 1
#define HAVE_INTTYPES_H 1
#define HAVE_STDINT_H 1
#define HAVE_UNISTD_H 1
#define HAVE_DLFCN_H 1
#define LT_OBJDIR ".libs/"
#define HAVE_PTHREAD 1

configure: exit 0
